<?xml version="1.0" encoding="UTF-8"?>
<!-- Generated by org.testng.reporters.JUnitReportReporter -->
<testsuite hostname="Sindhus-Mac-mini.local" failures="0" tests="2" name="TestingSS.SeleniumPractice" time="31.766" errors="0" timestamp="2022-01-24T11:11:48 EST" skipped="0">
  <testcase classname="TestingSS.SeleniumPractice" name="testng1" time="12.715"/>
  <system-out/>
  <testcase classname="TestingSS.SeleniumPractice" name="testng2" time="19.051"/>
  <system-out/>
</testsuite> <!-- TestingSS.SeleniumPractice -->
